Accuracy, precision table, precision, f1, time
Accuracy, precision table, precision, f1, time
Accuracy, precision table, precision, f1, time
Accuracy, precision table, precision, f1, time
Accuracy, precision table, precision, f1, time
Accuracy, precision table, precision, f1, time
Accuracy, precision table, precision, f1, time
Accuracy, precision table, precision, f1, time
0.9226759339704604, [0.9411764705882353, 0.8993839835728953, 0.9331046312178388, 0.948051948051948, 0.9770114942528736, 0.9395973154362416, 0.8092105263157895, 0.9460154241645244, 0.910761154855643], 0.9227014387173322, 0.9218377671495434, 4.164710283279419
0.8992180712423979, [0.9901477832512315, 0.9004524886877828, 0.927461139896373, 0.9826388888888888, 0.9241379310344827, 0.972318339100346, 0.7947019867549668, 0.7398058252427184, 0.9210526315789473], 0.9058574460484152, 0.9038713032931063, 4.250725269317627
0.9299160150593687, [0.9879227053140096, 0.9127659574468086, 0.9853211009174312, 0.9758620689655172, 0.960431654676259, 0.992831541218638, 0.8385964912280702, 0.8512931034482759, 0.8761682242990654], 0.9312436497237861, 0.9297309263619051, 4.1668641567230225
0.9096437880104257, [0.992822966507177, 0.8490196078431372, 0.9924098671726755, 0.9290123456790124, 0.9481481481481482, 0.921311475409836, 0.7052341597796143, 0.888631090487239, 0.9606557377049181], 0.9096939331924175, 0.9111643037721916, 4.352848768234253
0.9252823631624674, [0.9763593380614657, 0.8767676767676768, 0.9851576994434137, 0.9255663430420712, 0.9810606060606061, 0.9623287671232876, 0.8571428571428571, 0.9030732860520094, 0.8619909502262444], 0.9254941693244036, 0.9240160415373776, 4.509763717651367
0.9160150593686649, [0.9951690821256038, 0.8704453441295547, 0.968978102189781, 0.8670520231213873, 0.9696969696969697, 0.9890909090909091, 0.77491961414791, 0.9641873278236914, 0.8470319634703196], 0.9162857039773473, 0.9157393179010083, 4.155798435211182
0.9200695047784535, [0.9903614457831326, 0.8444022770398482, 0.9457092819614711, 0.922360248447205, 0.9555555555555556, 0.9755244755244755, 0.8214285714285714, 0.9260204081632653, 0.9076923076923077], 0.9210060635106481, 0.9192203340596454, 4.287756681442261
0.9249927599189111, [0.9810874704491725, 0.8993576017130621, 0.9576719576719577, 0.9516129032258065, 0.9608540925266904, 0.9858156028368794, 0.7740963855421686, 0.8905109489051095, 0.9210526315789473], 0.9246732882721993, 0.9259399571487568, 4.1895599365234375
0.912539820445989, [0.9903846153846154, 0.8981481481481481, 0.9762773722627737, 0.9228295819935691, 0.9920318725099602, 0.972027972027972, 0.7442528735632183, 0.9170854271356784, 0.816414686825054], 0.91438361665011, 0.914263333901033, 4.1690990924835205
0.9270199826238054, [0.9433106575963719, 0.8816568047337278, 0.9782214156079855, 0.954983922829582, 0.9669117647058824, 0.9824561403508771, 0.9067796610169492, 0.9413333333333334, 0.8252631578947368], 0.9312129842299384, 0.927017077621158, 4.7239813804626465
(avg, min, max, std deviation):
accuracy: 0.9187373298580945, 0.8992180712423979, 0.9299160150593687, 0.008957311750812996
precision: 0.9202552293646598, 0.9058574460484152, 0.9312436497237861, 0.0081449451264579
f1: 0.9192800362745726, 0.9038713032931063, 0.9297309263619051, 0.007638134008703566
time: 4.297110772132873, 4.155798435211182, 4.7239813804626465, 0.17753958679532642
