Accuracy, precision table, precision, f1, time
0.9423689545322907, [0.9518348623853211, 0.945054945054945, 0.9835466179159049, 0.9733333333333334, 0.9888475836431226, 0.9964285714285714, 0.8292682926829268, 0.9310344827586207, 0.8888888888888888], 0.9431375086768483, 0.9436662186426172, 3.321049928665161
0.946133796698523, [1.0, 0.913894324853229, 0.9676258992805755, 0.8904899135446686, 0.9540636042402827, 1.0, 0.9201520912547528, 0.9266503667481663, 0.945679012345679], 0.9465061346963726, 0.9454320870856133, 4.1840856075286865
0.9380249058789458, [1.0, 0.946058091286307, 0.981651376146789, 0.9659863945578231, 0.9589552238805971, 0.958904109589041, 0.898876404494382, 0.8789954337899544, 0.8571428571428571], 0.9385077656541946, 0.9362319270223433, 4.19728422164917
0.944396177237185, [1.0, 0.914396887159533, 0.9746835443037974, 0.9674267100977199, 0.988929889298893, 0.9929328621908127, 0.8255451713395638, 0.9044289044289044, 0.9405405405405406], 0.9454316121510851, 0.9450050490191033, 4.145919322967529
0.9412105415580655, [0.9879807692307693, 0.8796992481203008, 0.9783001808318263, 0.9636963696369637, 0.9342560553633218, 0.9925093632958801, 0.8548387096774194, 0.961038961038961, 0.9246231155778895], 0.9418825303081478, 0.9406523751195404, 4.08125901222229
0.9432377642629598, [0.992822966507177, 0.8924528301886793, 0.9712230215827338, 0.940625, 0.9535714285714286, 0.9819494584837545, 0.8817567567567568, 0.9187192118226601, 0.9594594594594594], 0.9436200148191831, 0.9427641729960125, 4.470126628875732
0.9391833188531712, [1.0, 0.9402985074626866, 0.972972972972973, 0.9793103448275862, 0.9745454545454545, 0.9859154929577465, 0.8719723183391004, 0.8928571428571429, 0.8512035010940919], 0.941008415006309, 0.9396015207633033, 4.197068691253662
0.9342600637127135, [0.9951807228915662, 0.9159836065573771, 0.9851301115241635, 0.9537953795379538, 0.9595588235294118, 0.9681978798586572, 0.7867435158501441, 0.9275, 0.9041769041769042], 0.932918549325131, 0.9340153991199363, 4.142329692840576
0.9417897480451781, [0.9952153110047847, 0.926829268292683, 0.9814814814814815, 0.9240121580547113, 0.9637681159420289, 0.9685314685314685, 0.8825622775800712, 0.9012048192771084, 0.9158653846153846], 0.9399411427533023, 0.9405490386693648, 4.190879583358765
0.9432377642629598, [0.9904306220095693, 0.9354166666666667, 0.9696428571428571, 0.9528301886792453, 0.9925373134328358, 0.9894366197183099, 0.9708333333333333, 0.868663594470046, 0.8669623059866962], 0.9485281668266177, 0.9445700949486018, 4.187988519668579
(avg, min, max, std deviation):
accuracy: 0.9413843035041994, 0.9342600637127135, 0.946133796698523, 0.0032641767283186694
precision: 0.9421481840217192, 0.932918549325131, 0.9485281668266177, 0.004222574370113889
f1: 0.9412487883386438, 0.9340153991199363, 0.9454320870856133, 0.003630848194104568
time: 4.111799120903015, 3.321049928665161, 4.470126628875732, 0.2808156641815527
Accuracy, precision table, precision, f1, time
Accuracy, precision table, precision, f1, time
Accuracy, precision table, precision, f1, time
Accuracy, precision table, precision, f1, time
Accuracy, precision table, precision, f1, time
Accuracy, precision table, precision, f1, time
Accuracy, precision table, precision, f1, time
Accuracy, precision table, precision, f1, time
Accuracy, precision table, precision, f1, time
Accuracy, precision table, precision, f1, time
Accuracy, precision table, precision, f1, time
Accuracy, precision table, precision, f1, time
Accuracy, precision table, precision, f1, time
Accuracy, precision table, precision, f1, time
Accuracy, precision table, precision, f1, time
Accuracy, precision table, precision, f1, time
Accuracy, precision table, precision, f1, time
Accuracy, precision table, precision, f1, time
Accuracy, precision table, precision, f1, time
Accuracy, precision table, precision, f1, time
Accuracy, precision table, precision, f1, time
Accuracy, precision table, precision, f1, time
Accuracy, precision table, precision, f1, time
Accuracy, precision table, precision, f1, time
Accuracy, precision table, precision, f1, time
Accuracy, precision table, precision, f1, time
Accuracy, precision table, precision, f1, time
0.9223863307269041, [0.9975728155339806, 0.9421296296296297, 0.9816176470588235, 0.9126506024096386, 0.9565217391304348, 0.9642857142857143, 0.724233983286908, 0.967828418230563, 0.8426966292134831], 0.9210596865310196, 0.9230355669809068, 4.1661036014556885
Accuracy, precision table, precision, f1, time (abs function)
0.9261511728931364, [0.9975609756097561, 0.8872950819672131, 0.9801084990958409, 0.9446254071661238, 0.9444444444444444, 0.9554794520547946, 0.8154362416107382, 0.9193954659949622, 0.8690476190476191], 0.9237103541101658, 0.9249823744989832, 4.186827659606934
0.9096437880104257, [0.9926108374384236, 0.8540856031128404, 0.9659498207885304, 0.9583333333333334, 0.9619771863117871, 0.9358108108108109, 0.7666666666666667, 0.8940886699507389, 0.8622448979591837], 0.9101964251524792, 0.9091445423464081, 4.240802526473999
0.926730379380249, [0.9975728155339806, 0.8918367346938776, 0.967741935483871, 0.9294478527607362, 0.9560439560439561, 0.9614035087719298, 0.8151815181518152, 0.9318181818181818, 0.8731707317073171], 0.9249130261072962, 0.9254958681355131, 4.1846184730529785
0.9154358528815523, [0.9975490196078431, 0.815442561205273, 0.9590747330960854, 0.9665551839464883, 0.9884615384615385, 0.9892086330935251, 0.8636363636363636, 0.9417721518987342, 0.7949790794979079], 0.9240754738270842, 0.9169933029746707, 4.866041421890259
0.91167101071532, [0.9975369458128078, 0.8420038535645472, 0.9847328244274809, 0.9288025889967637, 0.9961977186311787, 0.9616724738675958, 0.797979797979798, 0.8913043478260869, 0.8271889400921659], 0.9141577212442695, 0.9129479547294439, 4.19385552406311
0.9012452939472922, [0.9928057553956835, 0.8952164009111617, 0.8988391376451078, 0.953405017921147, 0.926056338028169, 0.9852941176470589, 0.8278388278388278, 0.8857142857142857, 0.7896995708154506], 0.9060966057685435, 0.9021910311202078, 4.127942323684692
0.9244135534317984, [0.9497716894977168, 0.8981288981288982, 0.9962825278810409, 0.9519230769230769, 0.9772727272727273, 0.9522184300341296, 0.8327402135231317, 0.9505208333333334, 0.8116883116883117], 0.9245051898091519, 0.9235858406337218, 4.221119165420532
0.9139878366637706, [0.9856801909307876, 0.8457142857142858, 0.9907063197026023, 0.9747292418772563, 0.9405594405594405, 0.9962962962962963, 0.7193460490463215, 0.8726851851851852, 0.9351032448377581], 0.9178689171277704, 0.9160655788511329, 4.135666131973267
0.931074428033594, [0.9975669099756691, 0.9079497907949791, 0.9713774597495528, 0.9272151898734177, 0.9595588235294118, 0.9621993127147767, 0.8808664259927798, 0.9130434782608695, 0.8551724137931035], 0.9305499782982845, 0.930089236854927, 4.1597020626068115
0.9249927599189111, [0.9765258215962441, 0.8408239700374532, 0.9694793536804309, 0.9423076923076923, 0.9730769230769231, 0.9823321554770318, 0.8951310861423221, 0.8963855421686747, 0.8847117794486216], 0.9289749248817104, 0.9253600334662321, 4.14155387878418
(avg, min, max, std deviation):
accuracy: 0.9185346075876051, 0.9012452939472922, 0.931074428033594, 0.00902247738936425
precision: 0.9205048616326759, 0.9060966057685435, 0.9305499782982845, 0.007695462478271742
f1: 0.9186855763611241, 0.9021910311202078, 0.930089236854927, 0.00830893502212038
time: 4.245812916755677, 4.127942323684692, 4.866041421890259, 0.20965511971174183
Accuracy, precision table, precision, f1, time
Accuracy, precision table, precision, f1, time
0.9212279177526789, [0.9742388758782201, 0.9322429906542056, 0.983177570093458, 0.8356940509915014, 0.9664179104477612, 1.0, 0.8773234200743495, 0.8263598326359832, 0.9043062200956937], 0.9221956523190191, 0.9218979023322676, 4.199120998382568
0.9400521285838401, [0.9880668257756563, 0.882703777335984, 0.9730700179533214, 0.9595959595959596, 0.9779411764705882, 0.9823943661971831, 0.8557692307692307, 0.9556135770234987, 0.8990610328638498], 0.941579551553919, 0.9408549796519109, 4.294341564178467
0.9307848247900377, [0.9927884615384616, 0.9197396963123644, 0.9709618874773139, 0.8892215568862275, 0.9672727272727273, 0.9822695035460993, 0.9442231075697212, 0.8815489749430524, 0.8513513513513513], 0.9332641407663689, 0.9316844696558056, 4.292098045349121
0.914277439907327, [0.9904076738609112, 0.8109540636042403, 0.9831460674157303, 0.857566765578635, 0.9528985507246377, 0.9892857142857143, 0.9178743961352657, 0.8899755501222494, 0.882903981264637], 0.9194458625546691, 0.9135860081759059, 4.265523433685303
0.9307848247900377, [0.9903614457831326, 0.9364035087719298, 0.9728260869565217, 0.9102564102564102, 0.9888888888888889, 0.9825174825174825, 0.9153225806451613, 0.7988165680473372, 0.9213759213759214], 0.9351965436936429, 0.9317497091778129, 4.168855667114258
0.9058789458441935, [1.0, 0.8036036036036036, 0.972875226039783, 0.8507462686567164, 0.9169675090252708, 0.9887640449438202, 0.7555555555555555, 0.912718204488778, 0.9627507163323782], 0.9071090142939896, 0.9044997052969718, 4.219601154327393
0.9432377642629598, [0.9811320754716981, 0.9264069264069265, 0.9747292418772563, 0.9573770491803278, 0.9781818181818182, 0.9893238434163701, 0.8244514106583072, 0.937799043062201, 0.9132530120481928], 0.9425171578114555, 0.9433605354813401, 4.759459495544434
0.9264407761366927, [0.9975369458128078, 0.9298642533936652, 0.9675675675675676, 0.9208860759493671, 0.9566787003610109, 0.9656357388316151, 0.8668941979522184, 0.8693586698337292, 0.8606194690265486], 0.9261157354142812, 0.9272132227578972, 4.304447412490845
0.9307848247900377, [0.9902439024390244, 0.8840579710144928, 0.9833948339483395, 0.941747572815534, 0.9705882352941176, 0.9590443686006825, 0.8639455782312925, 0.9174757281553398, 0.867579908675799], 0.930897566574958, 0.9313539880480572, 4.143111944198608
0.9299160150593687, [0.9674418604651163, 0.8764940239043825, 0.9747747747747748, 0.9442622950819672, 0.966542750929368, 0.9429530201342282, 0.8252427184466019, 0.9345088161209067, 0.9252577319587629], 0.9286086657573455, 0.928953070745836, 4.57934308052063
(avg, min, max, std deviation):
accuracy: 0.9273385461917174, 0.9058789458441935, 0.9432377642629598, 0.01061106442470746
precision: 0.9286929890739648, 0.9071090142939896, 0.9425171578114555, 0.01012652454792899
f1: 0.9275153591323806, 0.9044997052969718, 0.9433605354813401, 0.011119903891060183
time: 4.322590279579162, 4.143111944198608, 4.759459495544434, 0.18541534313697558
Accuracy, precision table, precision, f1, time (abs function)
0.9417897480451781, [0.9787234042553191, 0.8838095238095238, 0.980072463768116, 0.9526813880126183, 0.9706959706959707, 0.9822064056939501, 0.8354430379746836, 0.9341772151898734, 0.9622641509433962], 0.9422303955937168, 0.9418729894979648, 4.233995676040649
0.927599189110918, [0.9975903614457832, 0.9577464788732394, 0.9833333333333333, 0.9457627118644067, 0.9847328244274809, 0.9461279461279462, 0.8409090909090909, 0.8238993710691824, 0.8775981524249422], 0.9286333633861561, 0.9285667233530828, 4.1497673988342285
0.9331016507384883, [0.9787735849056604, 0.9126984126984127, 0.9922330097087378, 0.9785714285714285, 0.96415770609319, 0.9822064056939501, 0.7962382445141066, 0.9485861182519281, 0.8528138528138528], 0.9340309736945852, 0.9334169873848878, 4.10235595703125
0.9218071242397915, [0.9673659673659674, 0.9310344827586207, 0.9883495145631068, 0.9503105590062112, 0.9704797047970479, 0.9652777777777778, 0.9444444444444444, 0.9031476997578692, 0.7532710280373832], 0.9304090198342698, 0.9251327079917936, 4.1599037647247314
0.913408630176658, [0.9900990099009901, 0.9031578947368422, 0.9584086799276673, 0.9627118644067797, 0.9539007092198581, 0.9961538461538462, 0.7312138728323699, 0.8969555035128806, 0.8442822384428224], 0.9152092910148952, 0.9141547540183041, 4.14118218421936
0.9209383145091226, [0.9834123222748815, 0.908, 0.9512195121951219, 0.9195046439628483, 0.8179012345679012, 1.0, 0.8917910447761194, 0.9329896907216495, 0.8796296296296297], 0.9204942309031279, 0.9163214346039396, 4.136157751083374
0.9348392701998263, [1.0, 0.9158316633266533, 0.9836363636363636, 0.944078947368421, 0.9595588235294118, 0.9615384615384616, 0.8880597014925373, 0.8622222222222222, 0.8990610328638498], 0.9348874684419912, 0.9327022022975596, 4.150692701339722
0.9357080799304952, [0.9880382775119617, 0.9598214285714286, 0.992467043314501, 0.9518900343642611, 0.978494623655914, 0.9790940766550522, 0.8724137931034482, 0.9186602870813397, 0.8004073319755601], 0.9379207662481631, 0.9372836381501573, 4.19421124458313
0.9336808572256009, [0.9928057553956835, 0.9688888888888889, 0.9626998223801065, 0.8465909090909091, 0.9595588235294118, 0.9429530201342282, 0.8343949044585988, 0.9316455696202531, 0.923469387755102], 0.9292230090281313, 0.9319024293404101, 4.157057523727417
0.9386041123660585, [1.0, 0.9098196392785571, 0.988929889298893, 0.8767908309455588, 0.9708029197080292, 0.9366666666666666, 0.9207547169811321, 0.9007263922518159, 0.9285714285714286], 0.9370069426335645, 0.9375661595083462, 4.154419183731079
(avg, min, max, std deviation):
accuracy: 0.9301476976542137, 0.913408630176658, 0.9417897480451781, 0.008498560025571634
precision: 0.93100454607786, 0.9152092910148952, 0.9422303955937168, 0.007766767372040743
f1: 0.9298920026146446, 0.9141547540183041, 0.9418729894979648, 0.008588749164282783
time: 4.157974338531494, 4.10235595703125, 4.233995676040649, 0.03328855639971318
