Accuracy, precision table, precision, f1, time
0.9394729220967275, [1.0, 0.918200408997955, 0.9944649446494465, 0.9640522875816994, 0.9816176470588235, 0.9754385964912281, 0.7941176470588235, 0.9663865546218487, 0.8656387665198237], 0.9399907614421833, 0.9403779946100537, 4.179699897766113
0.9429481610194034, [0.9927884615384616, 0.9281314168377823, 0.9816849816849816, 0.926984126984127, 0.9575971731448764, 1.0, 0.8438538205980066, 0.937799043062201, 0.9009661835748792], 0.9410894674917016, 0.9414860376952522, 4.255244731903076
0.9368664929047206, [0.9975903614457832, 0.9249492900608519, 0.9628975265017667, 0.9663299663299664, 0.9744525547445255, 0.9929078014184397, 0.8052805280528053, 0.9390862944162437, 0.8671328671328671], 0.9367363544559166, 0.9355401861312385, 4.1527650356292725
Accuracy, precision table, precision, f1, time
0.9388937156096149, [0.9880952380952381, 0.9587852494577006, 0.974910394265233, 0.9665551839464883, 0.9923954372623575, 0.9427609427609428, 0.8012422360248447, 0.8758465011286681, 0.9358974358974359], 0.9373876243154342, 0.937556052901227, 4.164249420166016
0.9336808572256009, [0.981042654028436, 0.8623853211009175, 0.9799270072992701, 0.959731543624161, 0.981203007518797, 0.9457627118644067, 0.8527397260273972, 0.962059620596206, 0.8923444976076556], 0.9352440099630274, 0.9330751071151945, 4.159739971160889
0.9432377642629598, [0.9741784037558685, 0.9321357285429142, 0.9873188405797102, 0.9428571428571428, 0.9775280898876404, 0.9688581314878892, 0.8711864406779661, 0.8786516853932584, 0.9476584022038568], 0.9422636517095828, 0.941740384338076, 4.2115442752838135
0.9319432377642629, [1.0, 0.9403973509933775, 0.9906716417910447, 0.9216300940438872, 0.9961832061068703, 0.9822064056939501, 0.8848920863309353, 0.8478260869565217, 0.8468271334792122], 0.9345148894884221, 0.932911222259376, 4.175969839096069
0.931074428033594, [0.9975609756097561, 0.889763779527559, 0.969258589511754, 0.9387096774193548, 0.99609375, 0.9750889679715302, 0.9606986899563319, 0.9476309226932669, 0.7881188118811882], 0.9403249071745267, 0.9325451480257241, 4.190752267837524
0.9304952215464813, [0.9975786924939467, 0.9658314350797267, 0.9458987783595113, 0.8847262247838616, 0.9471830985915493, 1.0, 0.856140350877193, 0.8404255319148937, 0.941952506596306], 0.9310818465218875, 0.9303394982362887, 4.193464994430542
0.9409209383145091, [0.9926650366748166, 0.9048543689320389, 0.9747292418772563, 0.9126506024096386, 0.9471830985915493, 0.9891696750902527, 0.9080459770114943, 0.9506493506493506, 0.8899082568807339], 0.9410950675685701, 0.9395573934772917, 4.170136213302612
0.9365768896611643, [0.9903381642512077, 0.9336099585062241, 0.9713261648745519, 0.9426751592356688, 0.991869918699187, 0.9656357388316151, 0.840625, 0.9424083769633508, 0.8565022421524664], 0.9372211915015858, 0.9361010351735473, 4.166661024093628
0.9386041123660585, [0.9951573849878934, 0.884469696969697, 0.9943502824858758, 0.9633333333333334, 0.9737827715355806, 0.958904109589041, 0.8327974276527331, 0.9028436018957346, 0.9408740359897172], 0.938501404937734, 0.9380049406807066, 4.167818307876587
0.9313640312771503, [0.9928400954653938, 0.965675057208238, 0.9543859649122807, 0.940809968847352, 0.9816176470588235, 0.9858657243816255, 0.8540925266903915, 0.7995910020449898, 0.931758530183727], 0.9340707240880912, 0.9326673240567304, 4.162490606307983
(avg, min, max, std deviation):
accuracy: 0.9356791196061396, 0.9304952215464813, 0.9432377642629598, 0.004346847249886358
precision: 0.937170531726886, 0.9310818465218875, 0.9422636517095828, 0.0033250213989092967
f1: 0.9354498106264162, 0.9303394982362887, 0.941740384338076, 0.003495866569914678
time: 4.176282691955566, 4.159739971160889, 4.2115442752838135, 0.015996129651097448
Accuracy, precision table, precision, f1, time
0.9052997393570807, [0.9879807692307693, 0.8524590163934426, 0.9850187265917603, 0.977859778597786, 0.9400749063670412, 0.9003215434083601, 0.843065693430657, 0.8637413394919169, 0.8104575163398693], 0.9067754766501781, 0.9046610146485905, 4.140560626983643
0.9136982334202143, [0.9926470588235294, 0.9187358916478555, 0.963963963963964, 0.9090909090909091, 0.9630996309963099, 0.9362416107382551, 0.8383838383838383, 0.8935643564356436, 0.8008948545861297], 0.9129580127407149, 0.9145705494795343, 4.143032550811768
0.9171734723428903, [0.9975490196078431, 0.8460076045627376, 0.9834254143646409, 0.9255663430420712, 0.9273356401384083, 0.9716312056737588, 0.8173076923076923, 0.9410112359550562, 0.8481308411214953], 0.9175516663081892, 0.9177222002948027, 4.173474550247192
0.9235447437011295, [0.9928057553956835, 0.9129511677282378, 0.9657657657657658, 0.9403508771929825, 0.9532374100719424, 0.9685314685314685, 0.8612099644128114, 0.9009433962264151, 0.8223684210526315], 0.9242404695975487, 0.9227379978889628, 4.176264762878418
0.9157254561251086, [0.9927884615384616, 0.9078341013824884, 0.9693693693693693, 0.9003021148036254, 0.9492753623188406, 0.9781021897810219, 0.8625429553264605, 0.8631090487238979, 0.8224719101123595], 0.9161995014840583, 0.9166776445001952, 4.155040264129639
0.9021141036779612, [0.9855769230769231, 0.8958333333333334, 0.9504424778761061, 0.9681978798586572, 0.9724409448818898, 0.9180327868852459, 0.8918918918918919, 0.8804878048780488, 0.7297297297297297], 0.9102926413790917, 0.9024697828489439, 4.2159388065338135
0.9174630755864466, [0.9904306220095693, 0.8067375886524822, 0.946551724137931, 0.9428571428571428, 0.959409594095941, 0.9489795918367347, 0.8659420289855072, 0.9232736572890026, 0.9127906976744186], 0.9218858497265254, 0.9186119458230089, 4.047245979309082
0.9154358528815523, [0.9975124378109452, 0.8905579399141631, 0.9811676082862524, 0.9652777777777778, 0.9469964664310954, 0.9823321554770318, 0.7832817337461301, 0.9405684754521964, 0.7816326530612245], 0.9188141386618685, 0.918374850575822, 4.131035804748535
0.9186214885606718, [0.9411764705882353, 0.8813559322033898, 0.9679144385026738, 0.9379084967320261, 0.9923954372623575, 0.992831541218638, 0.8167202572347267, 0.8939759036144578, 0.8589108910891089], 0.9203543742717348, 0.9197356797519094, 4.223349094390869
0.915146249637996, [0.981042654028436, 0.8713692946058091, 0.9781420765027322, 0.8952380952380953, 0.9084745762711864, 0.9482758620689655, 0.7791044776119403, 0.9408602150537635, 0.8982188295165394], 0.9111917867663853, 0.9142252868539875, 5.719864368438721
(avg, min, max, std deviation):
accuracy: 0.914422241529105, 0.9021141036779612, 0.9235447437011295, 0.005967864938548766
precision: 0.9160263917586295, 0.9067754766501781, 0.9242404695975487, 0.005309495232763974
f1: 0.9149786952665757, 0.9024697828489439, 0.9227379978889628, 0.006177741802912499
time: 4.312580680847168, 4.047245979309082, 5.719864368438721, 0.47140209443987013
Accuracy, precision table, precision, f1, time
