Accuracy, precision table, precision, f1, time (Wrong activation function)
0.77578125, [0.9725609756097561, 0.5491452991452992, 0.679144385026738, 0.9764309764309764], 0.7943204090531923, 0.784941377881724, 7.382659673690796
0.7875, [0.9846153846153847, 0.5571142284569138, 0.7703703703703704, 0.9532710280373832], 0.8163427528700129, 0.8016620291917584, 7.378811597824097
0.7484375, [0.9968847352024922, 0.5101123595505618, 0.6139240506329114, 0.8820224719101124], 0.7507359043240195, 0.7495849403036347, 7.391321897506714
0.7859375, [0.9876543209876543, 0.5657894736842105, 0.7228915662650602, 0.9221556886227545], 0.7996227623899199, 0.7927210711859766, 7.407612562179565
0.77421875, [0.9876160990712074, 0.5591397849462365, 0.7021276595744681, 0.9210526315789473], 0.7924840437927149, 0.7832449245779776, 7.370481491088867
0.76328125, [0.9906832298136646, 0.5239852398523985, 0.7333333333333333, 0.954983922829582], 0.8007464314572447, 0.7815651147123678, 7.397717237472534
0.76640625, [0.9845201238390093, 0.5443298969072164, 0.7239583333333334, 0.9285714285714286], 0.795344945662747, 0.7806074859487041, 7.3733720779418945
0.7875, [0.963855421686747, 0.5942408376963351, 0.6855895196506551, 0.9020771513353115], 0.7864407325922622, 0.7869700098508668, 7.346756458282471
0.784375, [1.0, 0.5525812619502868, 0.7545454545454545, 0.9546827794561934], 0.8154523739879836, 0.7996118409355695, 7.491930723190308
0.78125, [0.9876160990712074, 0.5541666666666667, 0.738562091503268, 0.9320987654320988], 0.8031109056683102, 0.7920296351779856, 7.444561719894409
(avg, min, max, std deviation):
accuracy: 0.77546875, 0.7484375, 0.7875, 0.012144354719889405
precision: 0.7954601261798407, 0.7507359043240195, 0.8163427528700129, 0.01741078926912697
f1: 0.7852938429766565, 0.7495849403036347, 0.8016620291917584, 0.013753472730143386
time: 7.398522543907165, 7.346756458282471, 7.491930723190308, 0.039646621786893384
Accuracy, precision table, precision, f1, time
0.634375, [0.9657534246575342, 0.1411764705882353, 0.775, 0.48314606741573035], 0.591268990665375, 0.6120639742209664, 7.493054151535034
0.71015625, [0.9867549668874173, 0.32653061224489793, 0.8090185676392573, 0.5253623188405797], 0.661916616403038, 0.6851884234833219, 7.504743576049805
0.61640625, [1.0, 0.39389920424403185, 0.9764705882352941, 0.4642857142857143], 0.7086638766912601, 0.6593233579757576, 7.269259691238403
0.6765625, [1.0, 0.365, 0.8776371308016878, 0.5425531914893617], 0.6962975805727624, 0.686288192835674, 7.46431827545166
0.59921875, [0.9964788732394366, 0.17870722433460076, 0.7257142857142858, 0.5555555555555556], 0.6141139847109697, 0.6065749381824527, 7.420560598373413
0.55078125, [0.9965986394557823, 0.16619718309859155, 0.56, 0.559322033898305], 0.5705294641131697, 0.5604814570145399, 7.479363679885864
0.3921875, [0.45489443378119004, 0.0, 0.3844884488448845, 0.6153846153846154], 0.3636918745026725, 0.37740256406748285, 7.473687171936035
0.51171875, [0.9666666666666667, 0.3681592039800995, 0.734982332155477, 0.13953488372093023], 0.5523357716307933, 0.5312520456301691, 7.466875076293945
0.65390625, [0.8855421686746988, 0.4457831325301205, 0.5982142857142857, 0.8509803921568627], 0.695129994768992, 0.6738882663893851, 7.3919291496276855
0.653125, [1.0, 0.043478260869565216, 0.665083135391924, 0.4970873786407767], 0.5514121937255665, 0.5979742110131349, 7.312958002090454
(avg, min, max, std deviation):
accuracy: 0.59984375, 0.3921875, 0.71015625, 0.08864402784099444
precision: 0.6005360347784598, 0.3636918745026725, 0.7086638766912601, 0.09776487273810949
f1: 0.5990437430812884, 0.37740256406748285, 0.686288192835674, 0.08927642478146773
time: 7.42767493724823, 7.269259691238403, 7.504743576049805, 0.07580632841022783
